# JRE version: OpenJDK Runtime Environment Temurin-21.0.5+11 (21.0.5+11) (build 21.0.5+11-LTS)
# Java VM: OpenJDK 64-Bit Server VM Temurin-21.0.5+11 (21.0.5+11-LTS, mixed mode, emulated-client, sharing, tiered, compressed oops, compressed class ptrs, g1 gc, windows-amd64)
GC Precious Log:
 CardTable entry size: 512
 Card Set container configuration: InlinePtr #cards 5 size 8 Array Of Cards #cards 12 size 40 Howl #buckets 4 coarsen threshold 1843 Howl Bitmap #cards 512 size 80 coarsen threshold 460 Card regions per heap region 1 cards per card region 2048
 CPUs: 16 total, 16 available
 Memory: 7817M
 Large Page Support: Disabled
 NUMA Support: Disabled
 Compressed Oops: Enabled (32-bit)
 Heap Region Size: 1M
 Heap Min Capacity: 8M
 Heap Initial Capacity: 124M
 Heap Max Capacity: 1G
 Pre-touch: Disabled
 Parallel Workers: 13
 Concurrent Workers: 3
 Concurrent Refinement Workers: 13
 Periodic GC: Disabled
Heap:
 garbage-first heap   total 126976K, used 44309K [0x00000000c0000000, 0x0000000100000000)
  region size 1024K, 1 young (1024K), 0 survivors (0K)
 Metaspace       used 57401K, committed 58112K, reserved 1114112K
  class space    used 7143K, committed 7488K, reserved 1048576K
GC Heap History (20 events):
Event: 7809.598 GC heap after
{Heap after GC invocations=593 (full 565):
 garbage-first heap   total 126976K, used 44309K [0x00000000c0000000, 0x0000000100000000)
  region size 1024K, 0 young (0K), 0 survivors (0K)
 Metaspace       used 57401K, committed 58112K, reserved 1114112K
  class space    used 7143K, committed 7488K, reserved 1048576K
}
Event: 7819.903 GC heap before
{Heap before GC invocations=593 (full 565):
 garbage-first heap   total 126976K, used 44309K [0x00000000c0000000, 0x0000000100000000)
  region size 1024K, 1 young (1024K), 0 survivors (0K)
 Metaspace       used 57401K, committed 58112K, reserved 1114112K
  class space    used 7143K, committed 7488K, reserved 1048576K
}
Event: 7819.969 GC heap after
{Heap after GC invocations=594 (full 566):
 garbage-first heap   total 126976K, used 44309K [0x00000000c0000000, 0x0000000100000000)
  region size 1024K, 0 young (0K), 0 survivors (0K)
 Metaspace       used 57401K, committed 58112K, reserved 1114112K
  class space    used 7143K, committed 7488K, reserved 1048576K
}
Event: 7830.632 GC heap before
{Heap before GC invocations=594 (full 566):
 garbage-first heap   total 126976K, used 44309K [0x00000000c0000000, 0x0000000100000000)
  region size 1024K, 1 young (1024K), 0 survivors (0K)
 Metaspace       used 57401K, committed 58112K, reserved 1114112K
  class space    used 7143K, committed 7488K, reserved 1048576K
}
Event: 7830.700 GC heap after
{Heap after GC invocations=595 (full 567):
 garbage-first heap   total 126976K, used 44309K [0x00000000c0000000, 0x0000000100000000)
  region size 1024K, 0 young (0K), 0 survivors (0K)
 Metaspace       used 57401K, committed 58112K, reserved 1114112K
  class space    used 7143K, committed 7488K, reserved 1048576K
}
Event: 7842.057 GC heap before
{Heap before GC invocations=595 (full 567):
 garbage-first heap   total 126976K, used 44309K [0x00000000c0000000, 0x0000000100000000)
  region size 1024K, 1 young (1024K), 0 survivors (0K)
 Metaspace       used 57401K, committed 58112K, reserved 1114112K
  class space    used 7143K, committed 7488K, reserved 1048576K
}
Event: 7842.125 GC heap after
{Heap after GC invocations=596 (full 568):
 garbage-first heap   total 126976K, used 44309K [0x00000000c0000000, 0x0000000100000000)
  region size 1024K, 0 young (0K), 0 survivors (0K)
 Metaspace       used 57401K, committed 58112K, reserved 1114112K
  class space    used 7143K, committed 7488K, reserved 1048576K
}
Event: 7857.537 GC heap before
{Heap before GC invocations=596 (full 568):
 garbage-first heap   total 126976K, used 44309K [0x00000000c0000000, 0x0000000100000000)
  region size 1024K, 1 young (1024K), 0 survivors (0K)
 Metaspace       used 57401K, committed 58112K, reserved 1114112K
  class space    used 7143K, committed 7488K, reserved 1048576K
}
Event: 7858.383 GC heap after
{Heap after GC invocations=597 (full 569):
 garbage-first heap   total 126976K, used 44309K [0x00000000c0000000, 0x0000000100000000)
  region size 1024K, 0 young (0K), 0 survivors (0K)
 Metaspace       used 57401K, committed 58112K, reserved 1114112K
  class space    used 7143K, committed 7488K, reserved 1048576K
}
Event: 7868.692 GC heap before
{Heap before GC invocations=597 (full 569):
 garbage-first heap   total 126976K, used 44309K [0x00000000c0000000, 0x0000000100000000)
  region size 1024K, 1 young (1024K), 0 survivors (0K)
 Metaspace       used 57401K, committed 58112K, reserved 1114112K
  class space    used 7143K, committed 7488K, reserved 1048576K
}
Event: 7868.761 GC heap after
{Heap after GC invocations=598 (full 570):
 garbage-first heap   total 126976K, used 44309K [0x00000000c0000000, 0x0000000100000000)
  region size 1024K, 0 young (0K), 0 survivors (0K)
 Metaspace       used 57401K, committed 58112K, reserved 1114112K
  class space    used 7143K, committed 7488K, reserved 1048576K
}
Event: 7879.105 GC heap before
{Heap before GC invocations=598 (full 570):
 garbage-first heap   total 126976K, used 44309K [0x00000000c0000000, 0x0000000100000000)
  region size 1024K, 1 young (1024K), 0 survivors (0K)
 Metaspace       used 57401K, committed 58112K, reserved 1114112K
  class space    used 7143K, committed 7488K, reserved 1048576K
}
Event: 7879.196 GC heap after
{Heap after GC invocations=599 (full 571):
 garbage-first heap   total 126976K, used 44309K [0x00000000c0000000, 0x0000000100000000)
  region size 1024K, 0 young (0K), 0 survivors (0K)
 Metaspace       used 57401K, committed 58112K, reserved 1114112K
  class space    used 7143K, committed 7488K, reserved 1048576K
}
Event: 7889.520 GC heap before
{Heap before GC invocations=599 (full 571):
 garbage-first heap   total 126976K, used 44309K [0x00000000c0000000, 0x0000000100000000)
  region size 1024K, 1 young (1024K), 0 survivors (0K)
 Metaspace       used 57401K, committed 58112K, reserved 1114112K
  class space    used 7143K, committed 7488K, reserved 1048576K
}
Event: 7889.590 GC heap after
{Heap after GC invocations=600 (full 572):
 garbage-first heap   total 126976K, used 44309K [0x00000000c0000000, 0x0000000100000000)
  region size 1024K, 0 young (0K), 0 survivors (0K)
 Metaspace       used 57401K, committed 58112K, reserved 1114112K
  class space    used 7143K, committed 7488K, reserved 1048576K
}
Event: 7899.914 GC heap before
{Heap before GC invocations=600 (full 572):
 garbage-first heap   total 126976K, used 44309K [0x00000000c0000000, 0x0000000100000000)
  region size 1024K, 1 young (1024K), 0 survivors (0K)
 Metaspace       used 57401K, committed 58112K, reserved 1114112K
  class space    used 7143K, committed 7488K, reserved 1048576K
}
Event: 7899.984 GC heap after
{Heap after GC invocations=601 (full 573):
 garbage-first heap   total 126976K, used 44309K [0x00000000c0000000, 0x0000000100000000)
  region size 1024K, 0 young (0K), 0 survivors (0K)
 Metaspace       used 57401K, committed 58112K, reserved 1114112K
  class space    used 7143K, committed 7488K, reserved 1048576K
}
Event: 7910.323 GC heap before
{Heap before GC invocations=601 (full 573):
 garbage-first heap   total 126976K, used 44309K [0x00000000c0000000, 0x0000000100000000)
  region size 1024K, 1 young (1024K), 0 survivors (0K)
 Metaspace       used 57401K, committed 58112K, reserved 1114112K
  class space    used 7143K, committed 7488K, reserved 1048576K
}
Event: 7910.392 GC heap after
{Heap after GC invocations=602 (full 574):
 garbage-first heap   total 126976K, used 44309K [0x00000000c0000000, 0x0000000100000000)
  region size 1024K, 0 young (0K), 0 survivors (0K)
 Metaspace       used 57401K, committed 58112K, reserved 1114112K
  class space    used 7143K, committed 7488K, reserved 1048576K
}
Event: 7922.770 GC heap before
{Heap before GC invocations=602 (full 574):
 garbage-first heap   total 126976K, used 44309K [0x00000000c0000000, 0x0000000100000000)
  region size 1024K, 1 young (1024K), 0 survivors (0K)
 Metaspace       used 57401K, committed 58112K, reserved 1114112K
  class space    used 7143K, committed 7488K, reserved 1048576K
}

