# JRE version: OpenJDK Runtime Environment Temurin-21.0.5+11 (21.0.5+11) (build 21.0.5+11-LTS)
# Java VM: OpenJDK 64-Bit Server VM Temurin-21.0.5+11 (21.0.5+11-LTS, mixed mode, emulated-client, sharing, tiered, compressed oops, compressed class ptrs, g1 gc, windows-amd64)
GC Precious Log:
 CardTable entry size: 512
 Card Set container configuration: InlinePtr #cards 5 size 8 Array Of Cards #cards 12 size 40 Howl #buckets 4 coarsen threshold 1843 Howl Bitmap #cards 512 size 80 coarsen threshold 460 Card regions per heap region 1 cards per card region 2048
 CPUs: 16 total, 16 available
 Memory: 7817M
 Large Page Support: Disabled
 NUMA Support: Disabled
 Compressed Oops: Enabled (32-bit)
 Heap Region Size: 1M
 Heap Min Capacity: 8M
 Heap Initial Capacity: 124M
 Heap Max Capacity: 1G
 Pre-touch: Disabled
 Parallel Workers: 13
 Concurrent Workers: 3
 Concurrent Refinement Workers: 13
 Periodic GC: Disabled
Heap:
 garbage-first heap   total 147456K, used 41535K [0x00000000c0000000, 0x0000000100000000)
  region size 1024K, 1 young (1024K), 0 survivors (0K)
 Metaspace       used 55527K, committed 56320K, reserved 1114112K
  class space    used 6843K, committed 7232K, reserved 1048576K
GC Heap History (20 events):
Event: 6551.965 GC heap after
{Heap after GC invocations=589 (full 574):
 garbage-first heap   total 147456K, used 41535K [0x00000000c0000000, 0x0000000100000000)
  region size 1024K, 0 young (0K), 0 survivors (0K)
 Metaspace       used 55527K, committed 56320K, reserved 1114112K
  class space    used 6843K, committed 7232K, reserved 1048576K
}
Event: 6562.242 GC heap before
{Heap before GC invocations=589 (full 574):
 garbage-first heap   total 147456K, used 41535K [0x00000000c0000000, 0x0000000100000000)
  region size 1024K, 1 young (1024K), 0 survivors (0K)
 Metaspace       used 55527K, committed 56320K, reserved 1114112K
  class space    used 6843K, committed 7232K, reserved 1048576K
}
Event: 6562.284 GC heap after
{Heap after GC invocations=590 (full 575):
 garbage-first heap   total 147456K, used 41535K [0x00000000c0000000, 0x0000000100000000)
  region size 1024K, 0 young (0K), 0 survivors (0K)
 Metaspace       used 55527K, committed 56320K, reserved 1114112K
  class space    used 6843K, committed 7232K, reserved 1048576K
}
Event: 6572.571 GC heap before
{Heap before GC invocations=590 (full 575):
 garbage-first heap   total 147456K, used 41535K [0x00000000c0000000, 0x0000000100000000)
  region size 1024K, 1 young (1024K), 0 survivors (0K)
 Metaspace       used 55527K, committed 56320K, reserved 1114112K
  class space    used 6843K, committed 7232K, reserved 1048576K
}
Event: 6572.609 GC heap after
{Heap after GC invocations=591 (full 576):
 garbage-first heap   total 147456K, used 41535K [0x00000000c0000000, 0x0000000100000000)
  region size 1024K, 0 young (0K), 0 survivors (0K)
 Metaspace       used 55527K, committed 56320K, reserved 1114112K
  class space    used 6843K, committed 7232K, reserved 1048576K
}
Event: 6582.927 GC heap before
{Heap before GC invocations=591 (full 576):
 garbage-first heap   total 147456K, used 41535K [0x00000000c0000000, 0x0000000100000000)
  region size 1024K, 1 young (1024K), 0 survivors (0K)
 Metaspace       used 55527K, committed 56320K, reserved 1114112K
  class space    used 6843K, committed 7232K, reserved 1048576K
}
Event: 6582.980 GC heap after
{Heap after GC invocations=592 (full 577):
 garbage-first heap   total 147456K, used 41535K [0x00000000c0000000, 0x0000000100000000)
  region size 1024K, 0 young (0K), 0 survivors (0K)
 Metaspace       used 55527K, committed 56320K, reserved 1114112K
  class space    used 6843K, committed 7232K, reserved 1048576K
}
Event: 6604.328 GC heap before
{Heap before GC invocations=592 (full 577):
 garbage-first heap   total 147456K, used 41535K [0x00000000c0000000, 0x0000000100000000)
  region size 1024K, 1 young (1024K), 0 survivors (0K)
 Metaspace       used 55527K, committed 56320K, reserved 1114112K
  class space    used 6843K, committed 7232K, reserved 1048576K
}
Event: 6604.366 GC heap after
{Heap after GC invocations=593 (full 578):
 garbage-first heap   total 147456K, used 41535K [0x00000000c0000000, 0x0000000100000000)
  region size 1024K, 0 young (0K), 0 survivors (0K)
 Metaspace       used 55527K, committed 56320K, reserved 1114112K
  class space    used 6843K, committed 7232K, reserved 1048576K
}
Event: 6614.687 GC heap before
{Heap before GC invocations=593 (full 578):
 garbage-first heap   total 147456K, used 41535K [0x00000000c0000000, 0x0000000100000000)
  region size 1024K, 1 young (1024K), 0 survivors (0K)
 Metaspace       used 55527K, committed 56320K, reserved 1114112K
  class space    used 6843K, committed 7232K, reserved 1048576K
}
Event: 6614.723 GC heap after
{Heap after GC invocations=594 (full 579):
 garbage-first heap   total 147456K, used 41535K [0x00000000c0000000, 0x0000000100000000)
  region size 1024K, 0 young (0K), 0 survivors (0K)
 Metaspace       used 55527K, committed 56320K, reserved 1114112K
  class space    used 6843K, committed 7232K, reserved 1048576K
}
Event: 6625.032 GC heap before
{Heap before GC invocations=594 (full 579):
 garbage-first heap   total 147456K, used 41535K [0x00000000c0000000, 0x0000000100000000)
  region size 1024K, 1 young (1024K), 0 survivors (0K)
 Metaspace       used 55527K, committed 56320K, reserved 1114112K
  class space    used 6843K, committed 7232K, reserved 1048576K
}
Event: 6625.070 GC heap after
{Heap after GC invocations=595 (full 580):
 garbage-first heap   total 147456K, used 41535K [0x00000000c0000000, 0x0000000100000000)
  region size 1024K, 0 young (0K), 0 survivors (0K)
 Metaspace       used 55527K, committed 56320K, reserved 1114112K
  class space    used 6843K, committed 7232K, reserved 1048576K
}
Event: 6635.375 GC heap before
{Heap before GC invocations=595 (full 580):
 garbage-first heap   total 147456K, used 41535K [0x00000000c0000000, 0x0000000100000000)
  region size 1024K, 1 young (1024K), 0 survivors (0K)
 Metaspace       used 55527K, committed 56320K, reserved 1114112K
  class space    used 6843K, committed 7232K, reserved 1048576K
}
Event: 6635.411 GC heap after
{Heap after GC invocations=596 (full 581):
 garbage-first heap   total 147456K, used 41535K [0x00000000c0000000, 0x0000000100000000)
  region size 1024K, 0 young (0K), 0 survivors (0K)
 Metaspace       used 55527K, committed 56320K, reserved 1114112K
  class space    used 6843K, committed 7232K, reserved 1048576K
}
Event: 6645.698 GC heap before
{Heap before GC invocations=596 (full 581):
 garbage-first heap   total 147456K, used 41535K [0x00000000c0000000, 0x0000000100000000)
  region size 1024K, 1 young (1024K), 0 survivors (0K)
 Metaspace       used 55527K, committed 56320K, reserved 1114112K
  class space    used 6843K, committed 7232K, reserved 1048576K
}
Event: 6645.737 GC heap after
{Heap after GC invocations=597 (full 582):
 garbage-first heap   total 147456K, used 41535K [0x00000000c0000000, 0x0000000100000000)
  region size 1024K, 0 young (0K), 0 survivors (0K)
 Metaspace       used 55527K, committed 56320K, reserved 1114112K
  class space    used 6843K, committed 7232K, reserved 1048576K
}
Event: 6656.042 GC heap before
{Heap before GC invocations=597 (full 582):
 garbage-first heap   total 147456K, used 41535K [0x00000000c0000000, 0x0000000100000000)
  region size 1024K, 1 young (1024K), 0 survivors (0K)
 Metaspace       used 55527K, committed 56320K, reserved 1114112K
  class space    used 6843K, committed 7232K, reserved 1048576K
}
Event: 6656.086 GC heap after
{Heap after GC invocations=598 (full 583):
 garbage-first heap   total 147456K, used 41535K [0x00000000c0000000, 0x0000000100000000)
  region size 1024K, 0 young (0K), 0 survivors (0K)
 Metaspace       used 55527K, committed 56320K, reserved 1114112K
  class space    used 6843K, committed 7232K, reserved 1048576K
}
Event: 6669.229 GC heap before
{Heap before GC invocations=598 (full 583):
 garbage-first heap   total 147456K, used 41535K [0x00000000c0000000, 0x0000000100000000)
  region size 1024K, 1 young (1024K), 0 survivors (0K)
 Metaspace       used 55527K, committed 56320K, reserved 1114112K
  class space    used 6843K, committed 7232K, reserved 1048576K
}

